<?xml version="1.0" encoding="UTF-8"?>
  <testsuite name="MultiClusterHubOperator Install Suite" tests="1" failures="1" errors="0" time="0">
      <testcase name="BeforeSuite" classname="MultiClusterHubOperator Install Suite" time="0.000290488">
          <failure type="Failure">/Users/jagray/github/multiclusterhub-operator/test/function_tests/multiclusterhub_install_test/multiclusterhub_operator_suite_test.go:45&#xA;Unexpected non-nil/non-zero extra argument at index 1:&#xA;&#x9;&lt;*errors.errorString&gt;: &amp;errors.errorString{s:&#34;name is required&#34;}&#xA;/Users/jagray/github/multiclusterhub-operator/test/function_tests/multiclusterhub_install_test/multiclusterhub_operator_suite_test.go:56</failure>
      </testcase>
  </testsuite>